<?xml version="1.0" encoding="UTF-8" ?>
<testsuite tests="16" failures="0" name="unity_pro.TestRestService" time="4.588" errors="0" skipped="0">
  <properties>
[...]
</properties>
  <testcase classname="unity_pro.TestRestService" name="test_keyword_param_skipped" time="1.537"/>
  <testcase classname="unity_pro.TestRestService" name="test_number_param_skipped" time="0.256"/>
  <testcase classname="unity_pro.TestRestService" name="test_country_param_skipped" time="0.132"/>
  <testcase classname="unity_pro.TestRestService" name="test_projectId_param_skipped" time="0.164"/>
  <testcase classname="unity_pro.TestRestService" name="test_all_params_present" time="0.15"/>
  <testcase classname="unity_pro.TestRestService" name="test_should_skip_expired_project" time="0.138"/>
  <testcase classname="unity_pro.TestRestService" name="test_valid_json_post" time="0.913"/>
  <testcase classname="unity_pro.TestRestService" name="test_invalid_json_post" time="0.336"/>
  <testcase classname="unity_pro.TestRestService" name="test_malformed_get_url" time="0.114"/>
  <testcase classname="unity_pro.TestRestService" name="test_only_projecid_present" time="0.135"/>
  <testcase classname="unity_pro.TestRestService" name="test_all_param_skipped" time="0.101"/>
  <testcase classname="unity_pro.TestRestService" name="test_malformed_post_url" time="0.118"/>
  <testcase classname="unity_pro.TestRestService" name="test_no_match_project_found_skip_project_id" time="0.177"/>
  <testcase classname="unity_pro.TestRestService" name="test_no_match_project_found_with_project_id" time="0.097"/>
  <testcase classname="unity_pro.TestRestService" name="test_should_skip_not_enabled_project" time="0.08"/>
  <testcase classname="unity_pro.TestRestService" name="test_should_skip_project_if_no_projectUrl" time="0.14"/>
</testsuite>